
> bento-bento@1.0.0 build
> next build

   ▲ Next.js 14.1.0

   Creating an optimized production build ...
 ✓ Compiled successfully
   Linting and checking validity of types ...
   Collecting page data ...
   Generating static pages (0/12) ...
   Generating static pages (3/12) 
   Generating static pages (6/12) 
   Generating static pages (9/12) 
 ✓ Generating static pages (12/12) 
   Finalizing page optimization ...
   Collecting build traces ...

Route (app)                              Size     First Load JS
┌ ○ /                                    54.9 kB         184 kB
├ ○ /_not-found                          882 B            85 kB
├ ○ /admin                               5.53 kB         123 kB
├ ○ /blog                                41.9 kB         166 kB
├ ● /projects/[slug]                     177 B            91 kB
├   ├ /projects/ultimate-ai-agent
├   ├ /projects/multimedia-pipeline
├   ├ /projects/cybersecurity-home-lab
├   └ [+2 more paths]
└ ○ /resume                              177 B            91 kB
+ First Load JS shared by all            84.1 kB
  ├ chunks/69-99437ea492012079.js        28.8 kB
  ├ chunks/fd9d1056-d074d04ae6815481.js  53.3 kB
  └ other shared chunks (total)          1.98 kB


ƒ Middleware                             40.4 kB

○  (Static)  prerendered as static content
●  (SSG)     prerendered as static HTML (uses getStaticProps)

